<?xml version="1.0" encoding="UTF-8"?>
<testng-results ignored="0" total="4" passed="3" failed="1" skipped="0">
  <reporter-output>
  </reporter-output>
  <suite started-at="2022-05-18T12:55:33 IST" name="Default suite" finished-at="2022-05-18T12:56:18 IST" duration-ms="45837">
    <groups>
    </groups>
    <test started-at="2022-05-18T12:55:33 IST" name="Default test" finished-at="2022-05-18T12:56:18 IST" duration-ms="45837">
      <class name="Assignment.Pushpa.RunnerClass">
        <test-method signature="imdb()[pri:1, instance:Assignment.Pushpa.RunnerClass@13e39c73]" started-at="2022-05-18T12:55:33 IST" name="imdb" finished-at="2022-05-18T12:56:04 IST" duration-ms="31521" status="PASS">
          <reporter-output>
          </reporter-output>
        </test-method> <!-- imdb -->
        <test-method signature="wiki()[pri:2, instance:Assignment.Pushpa.RunnerClass@13e39c73]" started-at="2022-05-18T12:56:04 IST" name="wiki" finished-at="2022-05-18T12:56:18 IST" duration-ms="14211" status="PASS">
          <reporter-output>
          </reporter-output>
        </test-method> <!-- wiki -->
        <test-method signature="compareReleaseDate()[pri:3, instance:Assignment.Pushpa.RunnerClass@13e39c73]" started-at="2022-05-18T12:56:18 IST" name="compareReleaseDate" finished-at="2022-05-18T12:56:18 IST" duration-ms="13" status="FAIL">
          <exception class="java.lang.AssertionError">
            <message>
              <![CDATA[expected [January 7, 2022 (United States)] but found [17 December 2021]]]>
            </message>
            <full-stacktrace>
              <![CDATA[java.lang.AssertionError: expected [January 7, 2022 (United States)] but found [17 December 2021]
at org.testng.Assert.fail(Assert.java:110)
at org.testng.Assert.failNotEquals(Assert.java:1413)
at org.testng.Assert.assertEqualsImpl(Assert.java:149)
at org.testng.Assert.assertEquals(Assert.java:131)
at org.testng.Assert.assertEquals(Assert.java:655)
at org.testng.Assert.assertEquals(Assert.java:665)
at Assignment.Pushpa.RunnerClass.compareReleaseDate(RunnerClass.java:80)
at java.base/jdk.internal.reflect.NativeMethodAccessorImpl.invoke0(Native Method)
at java.base/jdk.internal.reflect.NativeMethodAccessorImpl.invoke(NativeMethodAccessorImpl.java:77)
at java.base/jdk.internal.reflect.DelegatingMethodAccessorImpl.invoke(DelegatingMethodAccessorImpl.java:43)
at java.base/java.lang.reflect.Method.invoke(Method.java:568)
at org.testng.internal.invokers.MethodInvocationHelper.invokeMethod(MethodInvocationHelper.java:135)
at org.testng.internal.invokers.TestInvoker.invokeMethod(TestInvoker.java:673)
at org.testng.internal.invokers.TestInvoker.invokeTestMethod(TestInvoker.java:220)
at org.testng.internal.invokers.MethodRunner.runInSequence(MethodRunner.java:50)
at org.testng.internal.invokers.TestInvoker$MethodInvocationAgent.invoke(TestInvoker.java:945)
at org.testng.internal.invokers.TestInvoker.invokeTestMethods(TestInvoker.java:193)
at org.testng.internal.invokers.TestMethodWorker.invokeTestMethods(TestMethodWorker.java:146)
at org.testng.internal.invokers.TestMethodWorker.run(TestMethodWorker.java:128)
at java.base/java.util.ArrayList.forEach(ArrayList.java:1511)
at org.testng.TestRunner.privateRun(TestRunner.java:808)
at org.testng.TestRunner.run(TestRunner.java:603)
at org.testng.SuiteRunner.runTest(SuiteRunner.java:429)
at org.testng.SuiteRunner.runSequentially(SuiteRunner.java:423)
at org.testng.SuiteRunner.privateRun(SuiteRunner.java:383)
at org.testng.SuiteRunner.run(SuiteRunner.java:326)
at org.testng.SuiteRunnerWorker.runSuite(SuiteRunnerWorker.java:52)
at org.testng.SuiteRunnerWorker.run(SuiteRunnerWorker.java:95)
at org.testng.TestNG.runSuitesSequentially(TestNG.java:1249)
at org.testng.TestNG.runSuitesLocally(TestNG.java:1169)
at org.testng.TestNG.runSuites(TestNG.java:1092)
at org.testng.TestNG.run(TestNG.java:1060)
at org.testng.remote.AbstractRemoteTestNG.run(AbstractRemoteTestNG.java:115)
at org.testng.remote.RemoteTestNG.initAndRun(RemoteTestNG.java:251)
at org.testng.remote.RemoteTestNG.main(RemoteTestNG.java:77)
]]>
            </full-stacktrace>
          </exception> <!-- java.lang.AssertionError -->
          <reporter-output>
          </reporter-output>
        </test-method> <!-- compareReleaseDate -->
        <test-method signature="compareCountry()[pri:4, instance:Assignment.Pushpa.RunnerClass@13e39c73]" started-at="2022-05-18T12:56:18 IST" name="compareCountry" finished-at="2022-05-18T12:56:18 IST" duration-ms="2" status="PASS">
          <reporter-output>
          </reporter-output>
        </test-method> <!-- compareCountry -->
      </class> <!-- Assignment.Pushpa.RunnerClass -->
    </test> <!-- Default test -->
  </suite> <!-- Default suite -->
</testng-results>
